Using pre-set license
Built from '2020.3/china_unity/release' branch; Version is '2020.3.12f1c1 (5887f62ce680) revision 5801974'; Using compiler version '192528614'; Build Type 'Release'
OS: 'Windows 10 Home; OS build 19043.1466; Version 2009; 64bit' Language: 'zh' Physical Memory: 65310 MB
BatchMode: 1, IsHumanControllingUs: 0, StartBugReporterOnCrash: 0, Is64bit: 1, IsPro: 0

 COMMAND LINE ARGUMENTS:
C:\Program Files\Unity\Hub\Editor\2020.3.12f1c1\Editor\Unity.exe
-adb2
-batchMode
-noUpm
-name
AssetImportWorker1
-projectPath
D:/UnityProject/UnityExperiment
-logFile
Logs/AssetImportWorker1.log
-srvPort
50566
Successfully changed project path to: D:/UnityProject/UnityExperiment
D:/UnityProject/UnityExperiment
Using Asset Import Pipeline V2.
Refreshing native plugins compatible for Editor in 27.97 ms, found 3 plugins.
Preloading 0 native plugins for Editor in 0.00 ms.
Initialize engine version: 2020.3.12f1c1 (5887f62ce680)
[Subsystems] Discovering subsystems at path C:/Program Files/Unity/Hub/Editor/2020.3.12f1c1/Editor/Data/Resources/UnitySubsystems
[Subsystems] Discovering subsystems at path D:/UnityProject/UnityExperiment/Assets
GfxDevice: creating device client; threaded=0
Direct3D:
    Version:  Direct3D 11.0 [level 11.1]
    Renderer: NVIDIA GeForce RTX 2060 (ID=0x1f08)
    Vendor:   
    VRAM:     5980 MB
    Driver:   27.21.14.6663
Initialize mono
Mono path[0] = 'C:/Program Files/Unity/Hub/Editor/2020.3.12f1c1/Editor/Data/Managed'
Mono path[1] = 'C:/Program Files/Unity/Hub/Editor/2020.3.12f1c1/Editor/Data/MonoBleedingEdge/lib/mono/unityjit'
Mono config path = 'C:/Program Files/Unity/Hub/Editor/2020.3.12f1c1/Editor/Data/MonoBleedingEdge/etc'
Using monoOptions --debugger-agent=transport=dt_socket,embedding=1,server=y,suspend=n,address=127.0.0.1:56964
Begin MonoManager ReloadAssembly
Registering precompiled unity dll's ...
Register platform support module: C:/Program Files/Unity/Hub/Editor/2020.3.12f1c1/Editor/Data/PlaybackEngines/WindowsStandaloneSupport/UnityEditor.WindowsStandalone.Extensions.dll
Registered in 0.001668 seconds.
Native extension for WindowsStandalone target not found
Refreshing native plugins compatible for Editor in 26.61 ms, found 3 plugins.
Preloading 0 native plugins for Editor in 0.00 ms.
Mono: successfully reloaded assembly
- Completed reload, in  1.317 seconds
Platform modules already initialized, skipping
Registering precompiled user dll's ...
Registered in 0.004581 seconds.
Begin MonoManager ReloadAssembly
Native extension for WindowsStandalone target not found
Refreshing native plugins compatible for Editor in 0.40 ms, found 3 plugins.
Preloading 0 native plugins for Editor in 0.00 ms.
Mono: successfully reloaded assembly
- Completed reload, in  1.163 seconds
Platform modules already initialized, skipping
========================================================================
Worker process is ready to serve import requests
Launched and connected shader compiler UnityShaderCompiler.exe after 0.04 seconds
Refreshing native plugins compatible for Editor in 0.40 ms, found 3 plugins.
Preloading 0 native plugins for Editor in 0.00 ms.
Unloading 1682 Unused Serialized files (Serialized files now loaded: 0)
System memory in use before: 75.9 MB.
System memory in use after: 76.0 MB.

Unloading 31 unused Assets to reduce memory usage. Loaded Objects now: 2165.
Total: 19.099600 ms (FindLiveObjects: 0.214700 ms CreateObjectMapping: 0.076700 ms MarkObjects: 18.735100 ms  DeleteObjects: 0.071300 ms)

AssetImportParameters requested are different than current active one (requested -> active):
  custom:framework-win-MediaFoundation: 216162199b28c13a410421893ffa2e32 -> 
  custom:video-decoder-ogg-theora: a1e56fd34408186e4bbccfd4996cb3dc -> 
  custom:container-muxer-webm: aa71ff27fc2769a1b78a27578f13a17b -> 
  custom:container-demuxer-webm: 4f35f7cbe854078d1ac9338744f61a02 -> 
  custom:container-demuxer-ogg: 62fdf1f143b41e24485cea50d1cbac27 -> 
  custom:video-encoder-webm-vp8: eb34c28f22e8b96e1ab97ce403110664 -> 
  custom:video-decoder-webm-vp8: 9c59270c3fd7afecdb556c50c9e8de78 -> 
  custom:audio-decoder-ogg-vorbis: bf7c407c2cedff20999df2af8eb42d56 -> 
  custom:audio-encoder-webm-vorbis: bf7c407c2cedff20999df2af8eb42d56 -> 
========================================================================
Received Import Request.
  path: Assets/Cases/NoiseGenerator/NoiseTool/NoiseBase.cs
  artifactKey: Guid(d1b394bb0f9c5434eb0ecea781bd7952) Importer(815301076,1909f56bfc062723c751e8b465ee728b)
Start importing Assets/Cases/NoiseGenerator/NoiseTool/NoiseBase.cs using Guid(d1b394bb0f9c5434eb0ecea781bd7952) Importer(815301076,1909f56bfc062723c751e8b465ee728b)  -> (artifact id: '503a2ea733860fbfefdf7b7ae3a19f36') in 0.022477 seconds 
  Import took 0.024805 seconds .

========================================================================
Received Import Request.
  Time since last request: 0.000190 seconds.
  path: Assets/Cases/NoiseGenerator/NoiseTool/NoiseGeneratorEditorWindow.cs
  artifactKey: Guid(2a2583decded68b45801d5cb09bcc7fa) Importer(815301076,1909f56bfc062723c751e8b465ee728b)
Start importing Assets/Cases/NoiseGenerator/NoiseTool/NoiseGeneratorEditorWindow.cs using Guid(2a2583decded68b45801d5cb09bcc7fa) Importer(815301076,1909f56bfc062723c751e8b465ee728b)  -> (artifact id: 'c8ea080389da4aca977b3ea20f7d45c2') in 0.001714 seconds 
  Import took 0.004093 seconds .

========================================================================
Received Prepare
Registering precompiled user dll's ...
Registered in 0.004144 seconds.
Begin MonoManager ReloadAssembly
Native extension for WindowsStandalone target not found
Refreshing native plugins compatible for Editor in 0.40 ms, found 3 plugins.
Preloading 0 native plugins for Editor in 0.00 ms.
Mono: successfully reloaded assembly
- Completed reload, in  1.037 seconds
Platform modules already initialized, skipping
Refreshing native plugins compatible for Editor in 0.41 ms, found 3 plugins.
Preloading 0 native plugins for Editor in 0.00 ms.
Unloading 1671 Unused Serialized files (Serialized files now loaded: 0)
System memory in use before: 75.4 MB.
System memory in use after: 75.5 MB.

Unloading 26 unused Assets to reduce memory usage. Loaded Objects now: 2168.
Total: 19.049700 ms (FindLiveObjects: 0.170700 ms CreateObjectMapping: 0.053900 ms MarkObjects: 18.796500 ms  DeleteObjects: 0.027200 ms)

AssetImportParameters requested are different than current active one (requested -> active):
  custom:framework-win-MediaFoundation: 216162199b28c13a410421893ffa2e32 -> 
  custom:video-decoder-ogg-theora: a1e56fd34408186e4bbccfd4996cb3dc -> 
  custom:container-muxer-webm: aa71ff27fc2769a1b78a27578f13a17b -> 
  custom:container-demuxer-webm: 4f35f7cbe854078d1ac9338744f61a02 -> 
  custom:container-demuxer-ogg: 62fdf1f143b41e24485cea50d1cbac27 -> 
  custom:video-encoder-webm-vp8: eb34c28f22e8b96e1ab97ce403110664 -> 
  custom:video-decoder-webm-vp8: 9c59270c3fd7afecdb556c50c9e8de78 -> 
  custom:audio-decoder-ogg-vorbis: bf7c407c2cedff20999df2af8eb42d56 -> 
  custom:audio-encoder-webm-vorbis: bf7c407c2cedff20999df2af8eb42d56 -> 
========================================================================
Received Import Request.
  Time since last request: 247.471098 seconds.
  path: Assets/Cases/NoiseGenerator/NoiseTool/NoiseGeneratorEditorWindow.cs
  artifactKey: Guid(2a2583decded68b45801d5cb09bcc7fa) Importer(815301076,1909f56bfc062723c751e8b465ee728b)
Start importing Assets/Cases/NoiseGenerator/NoiseTool/NoiseGeneratorEditorWindow.cs using Guid(2a2583decded68b45801d5cb09bcc7fa) Importer(815301076,1909f56bfc062723c751e8b465ee728b)  -> (artifact id: '1d2e60a94c14fd963af276ebe7ead309') in 0.003727 seconds 
  Import took 0.005853 seconds .

========================================================================
Received Import Request.
  Time since last request: 23.461934 seconds.
  path: Assets/Cases/NoiseGenerator/NoiseTool/New Render Texture.renderTexture
  artifactKey: Guid(c79dc6d19a2a0e646865b65d43e0eaae) Importer(815301076,1909f56bfc062723c751e8b465ee728b)
Start importing Assets/Cases/NoiseGenerator/NoiseTool/New Render Texture.renderTexture using Guid(c79dc6d19a2a0e646865b65d43e0eaae) Importer(815301076,1909f56bfc062723c751e8b465ee728b)  -> (artifact id: 'af92e0fd65a1bfb616a60f392e0fb6d0') in 0.044860 seconds 
  Import took 0.047394 seconds .

========================================================================
Received Import Request.
  Time since last request: 6.633439 seconds.
  path: Assets/Cases/NoiseGenerator/NoiseTool/NoiseGeneratorEditorWindow.cs
  artifactKey: Guid(2a2583decded68b45801d5cb09bcc7fa) Importer(815301076,1909f56bfc062723c751e8b465ee728b)
Start importing Assets/Cases/NoiseGenerator/NoiseTool/NoiseGeneratorEditorWindow.cs using Guid(2a2583decded68b45801d5cb09bcc7fa) Importer(815301076,1909f56bfc062723c751e8b465ee728b)  -> (artifact id: '1fd5a95c77f48936da7ecb7abb5a2a6c') in 0.002865 seconds 
  Import took 0.019456 seconds .

========================================================================
Received Import Request.
  Time since last request: 0.001563 seconds.
  path: Assets/Cases/NoiseGenerator/NoiseTool/NoiseGeneratorEditorWindow.cs
  artifactKey: Guid(2a2583decded68b45801d5cb09bcc7fa) Importer(815301076,1909f56bfc062723c751e8b465ee728b)
Start importing Assets/Cases/NoiseGenerator/NoiseTool/NoiseGeneratorEditorWindow.cs using Guid(2a2583decded68b45801d5cb09bcc7fa) Importer(815301076,1909f56bfc062723c751e8b465ee728b)  -> (artifact id: '1fd5a95c77f48936da7ecb7abb5a2a6c') in 0.001399 seconds 
  Import took 0.003448 seconds .

========================================================================
Received Prepare
Registering precompiled user dll's ...
Registered in 0.003815 seconds.
Begin MonoManager ReloadAssembly
Native extension for WindowsStandalone target not found
Refreshing native plugins compatible for Editor in 0.41 ms, found 3 plugins.
Preloading 0 native plugins for Editor in 0.00 ms.
Mono: successfully reloaded assembly
- Completed reload, in  1.044 seconds
Platform modules already initialized, skipping
Refreshing native plugins compatible for Editor in 0.40 ms, found 3 plugins.
Preloading 0 native plugins for Editor in 0.00 ms.
Unloading 1671 Unused Serialized files (Serialized files now loaded: 0)
System memory in use before: 78.5 MB.
System memory in use after: 78.6 MB.

Unloading 26 unused Assets to reduce memory usage. Loaded Objects now: 2176.
Total: 17.649700 ms (FindLiveObjects: 0.161100 ms CreateObjectMapping: 0.050400 ms MarkObjects: 17.415900 ms  DeleteObjects: 0.021500 ms)

AssetImportParameters requested are different than current active one (requested -> active):
  custom:framework-win-MediaFoundation: 216162199b28c13a410421893ffa2e32 -> 
  custom:video-decoder-ogg-theora: a1e56fd34408186e4bbccfd4996cb3dc -> 
  custom:container-muxer-webm: aa71ff27fc2769a1b78a27578f13a17b -> 
  custom:container-demuxer-webm: 4f35f7cbe854078d1ac9338744f61a02 -> 
  custom:container-demuxer-ogg: 62fdf1f143b41e24485cea50d1cbac27 -> 
  custom:video-encoder-webm-vp8: eb34c28f22e8b96e1ab97ce403110664 -> 
  custom:video-decoder-webm-vp8: 9c59270c3fd7afecdb556c50c9e8de78 -> 
  custom:audio-decoder-ogg-vorbis: bf7c407c2cedff20999df2af8eb42d56 -> 
  custom:audio-encoder-webm-vorbis: bf7c407c2cedff20999df2af8eb42d56 -> 
AssetImportWorkerClient::OnTransportError - code=2 error=End of file
