Using pre-set license
Built from '2020.3/china_unity/release' branch; Version is '2020.3.12f1c1 (5887f62ce680) revision 5801974'; Using compiler version '192528614'; Build Type 'Release'
OS: 'Windows 10 Home; OS build 19043.1466; Version 2009; 64bit' Language: 'zh' Physical Memory: 65310 MB
BatchMode: 1, IsHumanControllingUs: 0, StartBugReporterOnCrash: 0, Is64bit: 1, IsPro: 0

 COMMAND LINE ARGUMENTS:
C:\Program Files\Unity\Hub\Editor\2020.3.12f1c1\Editor\Unity.exe
-adb2
-batchMode
-noUpm
-name
AssetImportWorker0
-projectPath
D:/UnityProject/UnityExperiment
-logFile
Logs/AssetImportWorker0.log
-srvPort
61919
Successfully changed project path to: D:/UnityProject/UnityExperiment
D:/UnityProject/UnityExperiment
Using Asset Import Pipeline V2.
Refreshing native plugins compatible for Editor in 26.60 ms, found 3 plugins.
Preloading 0 native plugins for Editor in 0.00 ms.
Initialize engine version: 2020.3.12f1c1 (5887f62ce680)
[Subsystems] Discovering subsystems at path C:/Program Files/Unity/Hub/Editor/2020.3.12f1c1/Editor/Data/Resources/UnitySubsystems
[Subsystems] Discovering subsystems at path D:/UnityProject/UnityExperiment/Assets
GfxDevice: creating device client; threaded=0
Direct3D:
    Version:  Direct3D 11.0 [level 11.1]
    Renderer: NVIDIA GeForce RTX 2060 (ID=0x1f08)
    Vendor:   
    VRAM:     5980 MB
    Driver:   27.21.14.6663
Initialize mono
Mono path[0] = 'C:/Program Files/Unity/Hub/Editor/2020.3.12f1c1/Editor/Data/Managed'
Mono path[1] = 'C:/Program Files/Unity/Hub/Editor/2020.3.12f1c1/Editor/Data/MonoBleedingEdge/lib/mono/unityjit'
Mono config path = 'C:/Program Files/Unity/Hub/Editor/2020.3.12f1c1/Editor/Data/MonoBleedingEdge/etc'
Using monoOptions --debugger-agent=transport=dt_socket,embedding=1,server=y,suspend=n,address=127.0.0.1:56056
Begin MonoManager ReloadAssembly
Registering precompiled unity dll's ...
Register platform support module: C:/Program Files/Unity/Hub/Editor/2020.3.12f1c1/Editor/Data/PlaybackEngines/WindowsStandaloneSupport/UnityEditor.WindowsStandalone.Extensions.dll
Registered in 0.001534 seconds.
Native extension for WindowsStandalone target not found
Refreshing native plugins compatible for Editor in 25.20 ms, found 3 plugins.
Preloading 0 native plugins for Editor in 0.00 ms.
Mono: successfully reloaded assembly
- Completed reload, in  0.677 seconds
Platform modules already initialized, skipping
Registering precompiled user dll's ...
Registered in 0.003709 seconds.
Begin MonoManager ReloadAssembly
Native extension for WindowsStandalone target not found
Refreshing native plugins compatible for Editor in 0.40 ms, found 3 plugins.
Preloading 0 native plugins for Editor in 0.00 ms.
Mono: successfully reloaded assembly
- Completed reload, in  1.111 seconds
Platform modules already initialized, skipping
========================================================================
Worker process is ready to serve import requests
Launched and connected shader compiler UnityShaderCompiler.exe after 0.03 seconds
Refreshing native plugins compatible for Editor in 0.38 ms, found 3 plugins.
Preloading 0 native plugins for Editor in 0.00 ms.
Unloading 1682 Unused Serialized files (Serialized files now loaded: 0)
System memory in use before: 75.9 MB.
System memory in use after: 76.0 MB.

Unloading 31 unused Assets to reduce memory usage. Loaded Objects now: 2165.
Total: 18.561200 ms (FindLiveObjects: 0.166300 ms CreateObjectMapping: 0.054800 ms MarkObjects: 18.268500 ms  DeleteObjects: 0.070100 ms)

AssetImportParameters requested are different than current active one (requested -> active):
  custom:framework-win-MediaFoundation: 216162199b28c13a410421893ffa2e32 -> 
  custom:video-decoder-ogg-theora: a1e56fd34408186e4bbccfd4996cb3dc -> 
  custom:container-muxer-webm: aa71ff27fc2769a1b78a27578f13a17b -> 
  custom:container-demuxer-webm: 4f35f7cbe854078d1ac9338744f61a02 -> 
  custom:container-demuxer-ogg: 62fdf1f143b41e24485cea50d1cbac27 -> 
  custom:video-encoder-webm-vp8: eb34c28f22e8b96e1ab97ce403110664 -> 
  custom:video-decoder-webm-vp8: 9c59270c3fd7afecdb556c50c9e8de78 -> 
  custom:audio-decoder-ogg-vorbis: bf7c407c2cedff20999df2af8eb42d56 -> 
  custom:audio-encoder-webm-vorbis: bf7c407c2cedff20999df2af8eb42d56 -> 
========================================================================
Received Import Request.
  path: Assets/New Textrue.asset
  artifactKey: Guid(a40abc2ffe9515a4f9610d1522708eb7) Importer(815301076,1909f56bfc062723c751e8b465ee728b)
Start importing Assets/New Textrue.asset using Guid(a40abc2ffe9515a4f9610d1522708eb7) Importer(815301076,1909f56bfc062723c751e8b465ee728b)  -> (artifact id: '268dafe0bd808b8207564c53ae337dcf') in 0.081089 seconds 
  Import took 0.083496 seconds .

========================================================================
Received Import Request.
  Time since last request: 21.136321 seconds.
  path: Assets/New Textrue.asset
  artifactKey: Guid(a40abc2ffe9515a4f9610d1522708eb7) Importer(815301076,1909f56bfc062723c751e8b465ee728b)
Start importing Assets/New Textrue.asset using Guid(a40abc2ffe9515a4f9610d1522708eb7) Importer(815301076,1909f56bfc062723c751e8b465ee728b)  -> (artifact id: '3a97e60d156255c0dd6e92e1ab402e3a') in 0.023977 seconds 
  Import took 0.026373 seconds .

========================================================================
Received Import Request.
  Time since last request: 0.001552 seconds.
  path: Assets/New Textrue.asset
  artifactKey: Guid(a40abc2ffe9515a4f9610d1522708eb7) Importer(815301076,1909f56bfc062723c751e8b465ee728b)
Start importing Assets/New Textrue.asset using Guid(a40abc2ffe9515a4f9610d1522708eb7) Importer(815301076,1909f56bfc062723c751e8b465ee728b)  -> (artifact id: '3a97e60d156255c0dd6e92e1ab402e3a') in 0.019662 seconds 
  Import took 0.021918 seconds .

========================================================================
Received Import Request.
  Time since last request: 12.638618 seconds.
  path: Assets/Cases/NoiseGenerator/NoiseTool/NoiseGeneratorEditorWindow.cs
  artifactKey: Guid(2a2583decded68b45801d5cb09bcc7fa) Importer(815301076,1909f56bfc062723c751e8b465ee728b)
Start importing Assets/Cases/NoiseGenerator/NoiseTool/NoiseGeneratorEditorWindow.cs using Guid(2a2583decded68b45801d5cb09bcc7fa) Importer(815301076,1909f56bfc062723c751e8b465ee728b)  -> (artifact id: 'f8cbd847a472e99dc33cb7fb12e521ec') in 0.003501 seconds 
  Import took 0.005742 seconds .

========================================================================
Received Import Request.
  Time since last request: 0.030156 seconds.
  path: Assets/Cases/NoiseGenerator/NoiseTool/NoiseGeneratorEditorWindow.cs
  artifactKey: Guid(2a2583decded68b45801d5cb09bcc7fa) Importer(815301076,1909f56bfc062723c751e8b465ee728b)
Start importing Assets/Cases/NoiseGenerator/NoiseTool/NoiseGeneratorEditorWindow.cs using Guid(2a2583decded68b45801d5cb09bcc7fa) Importer(815301076,1909f56bfc062723c751e8b465ee728b)  -> (artifact id: 'f8cbd847a472e99dc33cb7fb12e521ec') in 0.001641 seconds 
  Import took 0.003855 seconds .

========================================================================
Received Prepare
Registering precompiled user dll's ...
Registered in 0.003827 seconds.
Begin MonoManager ReloadAssembly
Native extension for WindowsStandalone target not found
Refreshing native plugins compatible for Editor in 0.40 ms, found 3 plugins.
Preloading 0 native plugins for Editor in 0.00 ms.
Mono: successfully reloaded assembly
- Completed reload, in  1.065 seconds
Platform modules already initialized, skipping
Refreshing native plugins compatible for Editor in 0.39 ms, found 3 plugins.
Preloading 0 native plugins for Editor in 0.00 ms.
Unloading 1671 Unused Serialized files (Serialized files now loaded: 0)
System memory in use before: 78.5 MB.
System memory in use after: 78.6 MB.

Unloading 26 unused Assets to reduce memory usage. Loaded Objects now: 2179.
Total: 18.066100 ms (FindLiveObjects: 0.175100 ms CreateObjectMapping: 0.050100 ms MarkObjects: 17.814200 ms  DeleteObjects: 0.025600 ms)

AssetImportParameters requested are different than current active one (requested -> active):
  custom:framework-win-MediaFoundation: 216162199b28c13a410421893ffa2e32 -> 
  custom:video-decoder-ogg-theora: a1e56fd34408186e4bbccfd4996cb3dc -> 
  custom:container-muxer-webm: aa71ff27fc2769a1b78a27578f13a17b -> 
  custom:container-demuxer-webm: 4f35f7cbe854078d1ac9338744f61a02 -> 
  custom:container-demuxer-ogg: 62fdf1f143b41e24485cea50d1cbac27 -> 
  custom:video-encoder-webm-vp8: eb34c28f22e8b96e1ab97ce403110664 -> 
  custom:video-decoder-webm-vp8: 9c59270c3fd7afecdb556c50c9e8de78 -> 
  custom:audio-decoder-ogg-vorbis: bf7c407c2cedff20999df2af8eb42d56 -> 
  custom:audio-encoder-webm-vorbis: bf7c407c2cedff20999df2af8eb42d56 -> 
========================================================================
Received Import Request.
  Time since last request: 20.802915 seconds.
  path: Assets/Cases/NoiseGenerator/NoiseTool/NoiseGeneratorEditorWindow.cs
  artifactKey: Guid(2a2583decded68b45801d5cb09bcc7fa) Importer(815301076,1909f56bfc062723c751e8b465ee728b)
Start importing Assets/Cases/NoiseGenerator/NoiseTool/NoiseGeneratorEditorWindow.cs using Guid(2a2583decded68b45801d5cb09bcc7fa) Importer(815301076,1909f56bfc062723c751e8b465ee728b)  -> (artifact id: '7a08d1005d40265c2dc01d0d29eafe56') in 0.003642 seconds 
  Import took 0.005913 seconds .

========================================================================
Received Import Request.
  Time since last request: 22.340126 seconds.
  path: Assets/New Textrue.asset
  artifactKey: Guid(a40abc2ffe9515a4f9610d1522708eb7) Importer(815301076,1909f56bfc062723c751e8b465ee728b)
Start importing Assets/New Textrue.asset using Guid(a40abc2ffe9515a4f9610d1522708eb7) Importer(815301076,1909f56bfc062723c751e8b465ee728b)  -> (artifact id: '2f5155d4c2e41225e8dc034b4401969b') in 0.055961 seconds 
  Import took 0.058858 seconds .

