Using pre-set license
Built from '2020.3/china_unity/release' branch; Version is '2020.3.12f1c1 (5887f62ce680) revision 5801974'; Using compiler version '192528614'; Build Type 'Release'
OS: 'Windows 10 Home; OS build 19043.1466; Version 2009; 64bit' Language: 'zh' Physical Memory: 65310 MB
BatchMode: 1, IsHumanControllingUs: 0, StartBugReporterOnCrash: 0, Is64bit: 1, IsPro: 0

 COMMAND LINE ARGUMENTS:
C:\Program Files\Unity\Hub\Editor\2020.3.12f1c1\Editor\Unity.exe
-adb2
-batchMode
-noUpm
-name
AssetImportWorker0
-projectPath
D:/UnityProject/UnityExperiment
-logFile
Logs/AssetImportWorker0.log
-srvPort
61808
Successfully changed project path to: D:/UnityProject/UnityExperiment
D:/UnityProject/UnityExperiment
Using Asset Import Pipeline V2.
Refreshing native plugins compatible for Editor in 41.16 ms, found 3 plugins.
Preloading 0 native plugins for Editor in 0.00 ms.
Initialize engine version: 2020.3.12f1c1 (5887f62ce680)
[Subsystems] Discovering subsystems at path C:/Program Files/Unity/Hub/Editor/2020.3.12f1c1/Editor/Data/Resources/UnitySubsystems
[Subsystems] Discovering subsystems at path D:/UnityProject/UnityExperiment/Assets
GfxDevice: creating device client; threaded=0
Direct3D:
    Version:  Direct3D 11.0 [level 11.1]
    Renderer: NVIDIA GeForce RTX 2060 (ID=0x1f08)
    Vendor:   
    VRAM:     5980 MB
    Driver:   27.21.14.6663
Shader 'Universal Render Pipeline/Particles/Lit': fallback shader 'Universal Render Pipeline/Particles/SimpleLit' not found
Initialize mono
Mono path[0] = 'C:/Program Files/Unity/Hub/Editor/2020.3.12f1c1/Editor/Data/Managed'
Mono path[1] = 'C:/Program Files/Unity/Hub/Editor/2020.3.12f1c1/Editor/Data/MonoBleedingEdge/lib/mono/unityjit'
Mono config path = 'C:/Program Files/Unity/Hub/Editor/2020.3.12f1c1/Editor/Data/MonoBleedingEdge/etc'
Using monoOptions --debugger-agent=transport=dt_socket,embedding=1,server=y,suspend=n,address=127.0.0.1:56008
Begin MonoManager ReloadAssembly
Registering precompiled unity dll's ...
Register platform support module: C:/Program Files/Unity/Hub/Editor/2020.3.12f1c1/Editor/Data/PlaybackEngines/WindowsStandaloneSupport/UnityEditor.WindowsStandalone.Extensions.dll
Registered in 0.002245 seconds.
Native extension for WindowsStandalone target not found
Refreshing native plugins compatible for Editor in 43.21 ms, found 3 plugins.
Preloading 0 native plugins for Editor in 0.00 ms.
Mono: successfully reloaded assembly
- Completed reload, in  0.714 seconds
Platform modules already initialized, skipping
Registering precompiled user dll's ...
Registered in 0.004160 seconds.
Begin MonoManager ReloadAssembly
Native extension for WindowsStandalone target not found
Refreshing native plugins compatible for Editor in 44.70 ms, found 3 plugins.
Preloading 0 native plugins for Editor in 0.00 ms.
Mono: successfully reloaded assembly
- Completed reload, in  1.317 seconds
Platform modules already initialized, skipping
========================================================================
Worker process is ready to serve import requests
Shader 'Universal Render Pipeline/Particles/Lit': fallback shader 'Universal Render Pipeline/Particles/SimpleLit' not found
Launched and connected shader compiler UnityShaderCompiler.exe after 0.03 seconds
Refreshing native plugins compatible for Editor in 0.56 ms, found 3 plugins.
Preloading 0 native plugins for Editor in 0.00 ms.
Unloading 2938 Unused Serialized files (Serialized files now loaded: 0)
System memory in use before: 127.8 MB.
System memory in use after: 128.0 MB.

Unloading 32 unused Assets to reduce memory usage. Loaded Objects now: 3422.
Total: 20.467800 ms (FindLiveObjects: 0.311500 ms CreateObjectMapping: 0.142500 ms MarkObjects: 19.928000 ms  DeleteObjects: 0.083900 ms)

AssetImportParameters requested are different than current active one (requested -> active):
  custom:framework-win-MediaFoundation: 216162199b28c13a410421893ffa2e32 -> 
  custom:video-decoder-ogg-theora: a1e56fd34408186e4bbccfd4996cb3dc -> 
  custom:container-muxer-webm: aa71ff27fc2769a1b78a27578f13a17b -> 
  custom:container-demuxer-webm: 4f35f7cbe854078d1ac9338744f61a02 -> 
  custom:container-demuxer-ogg: 62fdf1f143b41e24485cea50d1cbac27 -> 
  custom:video-encoder-webm-vp8: eb34c28f22e8b96e1ab97ce403110664 -> 
  custom:video-decoder-webm-vp8: 9c59270c3fd7afecdb556c50c9e8de78 -> 
  custom:audio-decoder-ogg-vorbis: bf7c407c2cedff20999df2af8eb42d56 -> 
  custom:audio-encoder-webm-vorbis: bf7c407c2cedff20999df2af8eb42d56 -> 
========================================================================
Received Import Request.
  path: Assets/Cases/SDF/SDF.png
  artifactKey: Guid(89baf9b34a0f6e84f9227fb079a3846d) Importer(815301076,1909f56bfc062723c751e8b465ee728b)
Start importing Assets/Cases/SDF/SDF.png using Guid(89baf9b34a0f6e84f9227fb079a3846d) Importer(815301076,1909f56bfc062723c751e8b465ee728b)  -> (artifact id: 'f7c180c6b15ee3a46677957f91b30b8b') in 0.044928 seconds 
  Import took 0.048947 seconds .

========================================================================
Received Import Request.
  Time since last request: 10.754913 seconds.
  path: Assets/Cases/SDF/SDF.png
  artifactKey: Guid(89baf9b34a0f6e84f9227fb079a3846d) Importer(815301076,1909f56bfc062723c751e8b465ee728b)
Start importing Assets/Cases/SDF/SDF.png using Guid(89baf9b34a0f6e84f9227fb079a3846d) Importer(815301076,1909f56bfc062723c751e8b465ee728b)  -> (artifact id: '645c98fa2c730a2320cf7d5446fd56cc') in 0.006544 seconds 
  Import took 0.010585 seconds .

========================================================================
Received Import Request.
  Time since last request: 16.973177 seconds.
  path: Assets/Cases/SDF/SDF.png
  artifactKey: Guid(89baf9b34a0f6e84f9227fb079a3846d) Importer(815301076,1909f56bfc062723c751e8b465ee728b)
Start importing Assets/Cases/SDF/SDF.png using Guid(89baf9b34a0f6e84f9227fb079a3846d) Importer(815301076,1909f56bfc062723c751e8b465ee728b)  -> (artifact id: 'f894050e202525850b9b18f04042b63d') in 0.005046 seconds 
  Import took 0.008959 seconds .

========================================================================
Received Import Request.
  Time since last request: 82.430835 seconds.
  path: Assets/Cases/SDF/SDF.png
  artifactKey: Guid(89baf9b34a0f6e84f9227fb079a3846d) Importer(815301076,1909f56bfc062723c751e8b465ee728b)
Start importing Assets/Cases/SDF/SDF.png using Guid(89baf9b34a0f6e84f9227fb079a3846d) Importer(815301076,1909f56bfc062723c751e8b465ee728b)  -> (artifact id: '0a5cda461059b7e8a64c104eb7511725') in 0.005364 seconds 
  Import took 0.032067 seconds .

========================================================================
Received Import Request.
  Time since last request: 32.115332 seconds.
  path: Assets/Cases/SDF/SDF.png
  artifactKey: Guid(89baf9b34a0f6e84f9227fb079a3846d) Importer(815301076,1909f56bfc062723c751e8b465ee728b)
Start importing Assets/Cases/SDF/SDF.png using Guid(89baf9b34a0f6e84f9227fb079a3846d) Importer(815301076,1909f56bfc062723c751e8b465ee728b)  -> (artifact id: 'f08882a3a371e768e15e2048e4156cdd') in 0.004532 seconds 
  Import took 0.008389 seconds .

